<?xml version="1.0" encoding="UTF-8" ?>
<testsuite tests="2" failures="0" name="dbtest.LocalidadesTest" time="2.695" errors="2" skipped="0">
  <properties>
[...]
</properties>
  <testcase classname="dbtest.LocalidadesTest" name="testDeProvincias" time="2.685">
    <error message="Error while committing the transaction" type="javax.persistence.RollbackException">javax.persistence.RollbackException: Error while committing the transaction
	at org.hibernate.jpa.internal.TransactionImpl.commit(TransactionImpl.java:94)
	at domain.services.dbManager.EntityManagerHelper.commit(EntityManagerHelper.java:53)
	at domain.models.entities.sectorTerritorial.ProvinciaJson.persistirProvincias(ProvinciaJson.java:44)
	at dbtest.LocalidadesTest.testDeProvincias(LocalidadesTest.java:22)
	at sun.reflect.NativeMethodAccessorImpl.invoke0(Native Method)
	at sun.reflect.NativeMethodAccessorImpl.invoke(NativeMethodAccessorImpl.java:62)
	at sun.reflect.DelegatingMethodAccessorImpl.invoke(DelegatingMethodAccessorImpl.java:43)
	at java.lang.reflect.Method.invoke(Method.java:498)
	at org.junit.runners.model.FrameworkMethod$1.runReflectiveCall(FrameworkMethod.java:59)
	at org.junit.internal.runners.model.ReflectiveCallable.run(ReflectiveCallable.java:12)
	at org.junit.runners.model.FrameworkMethod.invokeExplosively(FrameworkMethod.java:56)
	at org.junit.internal.runners.statements.InvokeMethod.evaluate(InvokeMethod.java:17)
	at org.junit.runners.ParentRunner$3.evaluate(ParentRunner.java:306)
	at org.junit.runners.BlockJUnit4ClassRunner$1.evaluate(BlockJUnit4ClassRunner.java:100)
	at org.junit.runners.ParentRunner.runLeaf(ParentRunner.java:366)
	at org.junit.runners.BlockJUnit4ClassRunner.runChild(BlockJUnit4ClassRunner.java:103)
	at org.junit.runners.BlockJUnit4ClassRunner.runChild(BlockJUnit4ClassRunner.java:63)
	at org.junit.runners.ParentRunner$4.run(ParentRunner.java:331)
	at org.junit.runners.ParentRunner$1.schedule(ParentRunner.java:79)
	at org.junit.runners.ParentRunner.runChildren(ParentRunner.java:329)
	at org.junit.runners.ParentRunner.access$100(ParentRunner.java:66)
	at org.junit.runners.ParentRunner$2.evaluate(ParentRunner.java:293)
	at org.junit.runners.ParentRunner$3.evaluate(ParentRunner.java:306)
	at org.junit.runners.ParentRunner.run(ParentRunner.java:413)
	at org.apache.maven.surefire.junit4.JUnit4Provider.execute(JUnit4Provider.java:252)
	at org.apache.maven.surefire.junit4.JUnit4Provider.executeTestSet(JUnit4Provider.java:141)
	at org.apache.maven.surefire.junit4.JUnit4Provider.invoke(JUnit4Provider.java:112)
	at sun.reflect.NativeMethodAccessorImpl.invoke0(Native Method)
	at sun.reflect.NativeMethodAccessorImpl.invoke(NativeMethodAccessorImpl.java:62)
	at sun.reflect.DelegatingMethodAccessorImpl.invoke(DelegatingMethodAccessorImpl.java:43)
	at java.lang.reflect.Method.invoke(Method.java:498)
	at org.apache.maven.surefire.util.ReflectionUtils.invokeMethodWithArray(ReflectionUtils.java:189)
	at org.apache.maven.surefire.booter.ProviderFactory$ProviderProxy.invoke(ProviderFactory.java:165)
	at org.apache.maven.surefire.booter.ProviderFactory.invokeProvider(ProviderFactory.java:85)
	at org.apache.maven.surefire.booter.ForkedBooter.runSuitesInProcess(ForkedBooter.java:115)
	at org.apache.maven.surefire.booter.ForkedBooter.main(ForkedBooter.java:75)
Caused by: javax.persistence.PersistenceException: org.hibernate.exception.ConstraintViolationException: could not execute statement
	at org.hibernate.jpa.spi.AbstractEntityManagerImpl.convert(AbstractEntityManagerImpl.java:1763)
	at org.hibernate.jpa.spi.AbstractEntityManagerImpl.convert(AbstractEntityManagerImpl.java:1677)
	at org.hibernate.jpa.internal.TransactionImpl.commit(TransactionImpl.java:82)
	... 35 more
Caused by: org.hibernate.exception.ConstraintViolationException: could not execute statement
	at org.hibernate.exception.internal.SQLExceptionTypeDelegate.convert(SQLExceptionTypeDelegate.java:72)
	at org.hibernate.exception.internal.StandardSQLExceptionConverter.convert(StandardSQLExceptionConverter.java:49)
	at org.hibernate.engine.jdbc.spi.SqlExceptionHelper.convert(SqlExceptionHelper.java:126)
	at org.hibernate.engine.jdbc.spi.SqlExceptionHelper.convert(SqlExceptionHelper.java:112)
	at org.hibernate.engine.jdbc.internal.ResultSetReturnImpl.executeUpdate(ResultSetReturnImpl.java:211)
	at org.hibernate.engine.jdbc.batch.internal.NonBatchingBatch.addToBatch(NonBatchingBatch.java:62)
	at org.hibernate.persister.entity.AbstractEntityPersister.insert(AbstractEntityPersister.java:3124)
	at org.hibernate.persister.entity.AbstractEntityPersister.insert(AbstractEntityPersister.java:3581)
	at org.hibernate.action.internal.EntityInsertAction.execute(EntityInsertAction.java:104)
	at org.hibernate.engine.spi.ActionQueue.executeActions(ActionQueue.java:463)
	at org.hibernate.engine.spi.ActionQueue.executeActions(ActionQueue.java:349)
	at org.hibernate.event.internal.AbstractFlushingEventListener.performExecutions(AbstractFlushingEventListener.java:350)
	at org.hibernate.event.internal.DefaultFlushEventListener.onFlush(DefaultFlushEventListener.java:56)
	at org.hibernate.internal.SessionImpl.flush(SessionImpl.java:1222)
	at org.hibernate.internal.SessionImpl.managedFlush(SessionImpl.java:425)
	at org.hibernate.engine.transaction.internal.jdbc.JdbcTransaction.beforeTransactionCommit(JdbcTransaction.java:101)
	at org.hibernate.engine.transaction.spi.AbstractTransactionImpl.commit(AbstractTransactionImpl.java:177)
	at org.hibernate.jpa.internal.TransactionImpl.commit(TransactionImpl.java:77)
	... 35 more
Caused by: java.sql.SQLIntegrityConstraintViolationException: Duplicate entry &apos;168&apos; for key &apos;provincia.PRIMARY&apos;
	at com.mysql.cj.jdbc.exceptions.SQLError.createSQLException(SQLError.java:117)
	at com.mysql.cj.jdbc.exceptions.SQLExceptionsMapping.translateException(SQLExceptionsMapping.java:122)
	at com.mysql.cj.jdbc.ClientPreparedStatement.executeInternal(ClientPreparedStatement.java:916)
	at com.mysql.cj.jdbc.ClientPreparedStatement.executeUpdateInternal(ClientPreparedStatement.java:1061)
	at com.mysql.cj.jdbc.ClientPreparedStatement.executeUpdateInternal(ClientPreparedStatement.java:1009)
	at com.mysql.cj.jdbc.ClientPreparedStatement.executeLargeUpdate(ClientPreparedStatement.java:1320)
	at com.mysql.cj.jdbc.ClientPreparedStatement.executeUpdate(ClientPreparedStatement.java:994)
	at org.hibernate.engine.jdbc.internal.ResultSetReturnImpl.executeUpdate(ResultSetReturnImpl.java:208)
	... 48 more
</error>
    <system-out>Hibernate: 
    insert 
    into
        provincia
        (nombre, id) 
    values
        (?, ?)
</system-out>
    <system-err>dic 05, 2022 7:39:11 PM org.hibernate.ejb.HibernatePersistence logDeprecation
WARN: HHH015016: Encountered a deprecated javax.persistence.spi.PersistenceProvider [org.hibernate.ejb.HibernatePersistence]; use [org.hibernate.jpa.HibernatePersistenceProvider] instead.
dic 05, 2022 7:39:11 PM org.hibernate.ejb.HibernatePersistence logDeprecation
WARN: HHH015016: Encountered a deprecated javax.persistence.spi.PersistenceProvider [org.hibernate.ejb.HibernatePersistence]; use [org.hibernate.jpa.HibernatePersistenceProvider] instead.
dic 05, 2022 7:39:11 PM org.hibernate.ejb.HibernatePersistence logDeprecation
WARN: HHH015016: Encountered a deprecated javax.persistence.spi.PersistenceProvider [org.hibernate.ejb.HibernatePersistence]; use [org.hibernate.jpa.HibernatePersistenceProvider] instead.
dic 05, 2022 7:39:11 PM org.hibernate.jpa.internal.util.LogHelper logPersistenceUnitInformation
INFO: HHH000204: Processing PersistenceUnitInfo [
	name: db
	...]
dic 05, 2022 7:39:11 PM org.hibernate.Version logVersion
INFO: HHH000412: Hibernate Core {4.3.6.Final}
dic 05, 2022 7:39:11 PM org.hibernate.cfg.Environment &lt;clinit&gt;
INFO: HHH000206: hibernate.properties not found
dic 05, 2022 7:39:11 PM org.hibernate.cfg.Environment buildBytecodeProvider
INFO: HHH000021: Bytecode provider name : javassist
dic 05, 2022 7:39:11 PM org.hibernate.annotations.common.reflection.java.JavaReflectionManager &lt;clinit&gt;
INFO: HCANN000001: Hibernate Commons Annotations {4.0.5.Final}
dic 05, 2022 7:39:12 PM org.hibernate.engine.jdbc.connections.internal.DriverManagerConnectionProviderImpl configure
WARN: HHH000402: Using Hibernate built-in connection pool (not for production use!)
Loading class `com.mysql.jdbc.Driver&apos;. This is deprecated. The new driver class is `com.mysql.cj.jdbc.Driver&apos;. The driver is automatically registered via the SPI and manual loading of the driver class is generally unnecessary.
dic 05, 2022 7:39:12 PM org.hibernate.engine.jdbc.connections.internal.DriverManagerConnectionProviderImpl buildCreator
INFO: HHH000401: using driver [com.mysql.jdbc.Driver] at URL [jdbc:mysql://localhost:3306/tpanualdds]
dic 05, 2022 7:39:12 PM org.hibernate.engine.jdbc.connections.internal.DriverManagerConnectionProviderImpl buildCreator
INFO: HHH000046: Connection properties: {user=root, password=****}
dic 05, 2022 7:39:12 PM org.hibernate.engine.jdbc.connections.internal.DriverManagerConnectionProviderImpl buildCreator
INFO: HHH000006: Autocommit mode: false
dic 05, 2022 7:39:12 PM org.hibernate.engine.jdbc.connections.internal.DriverManagerConnectionProviderImpl configure
INFO: HHH000115: Hibernate connection pool size: 20 (min=1)
dic 05, 2022 7:39:12 PM org.hibernate.dialect.Dialect &lt;init&gt;
INFO: HHH000400: Using dialect: org.hibernate.dialect.MySQL5Dialect
dic 05, 2022 7:39:13 PM org.hibernate.hql.internal.ast.ASTQueryTranslatorFactory &lt;init&gt;
INFO: HHH000397: Using ASTQueryTranslatorFactory
dic 05, 2022 7:39:13 PM org.hibernate.tool.hbm2ddl.SchemaUpdate execute
INFO: HHH000228: Running hbm2ddl schema update
dic 05, 2022 7:39:13 PM org.hibernate.tool.hbm2ddl.SchemaUpdate execute
INFO: HHH000102: Fetching database metadata
dic 05, 2022 7:39:13 PM org.hibernate.tool.hbm2ddl.SchemaUpdate execute
INFO: HHH000396: Updating schema
dic 05, 2022 7:39:13 PM org.hibernate.tool.hbm2ddl.TableMetadata &lt;init&gt;
INFO: HHH000261: Table found: tpanualdds.actividad
dic 05, 2022 7:39:13 PM org.hibernate.tool.hbm2ddl.TableMetadata &lt;init&gt;
INFO: HHH000037: Columns: [actividad_id, valor_fe, tipoactividad, alcance]
dic 05, 2022 7:39:13 PM org.hibernate.tool.hbm2ddl.TableMetadata &lt;init&gt;
INFO: HHH000108: Foreign keys: []
dic 05, 2022 7:39:13 PM org.hibernate.tool.hbm2ddl.TableMetadata &lt;init&gt;
INFO: HHH000126: Indexes: [primary]
dic 05, 2022 7:39:13 PM org.hibernate.tool.hbm2ddl.TableMetadata &lt;init&gt;
INFO: HHH000261: Table found: tpanualdds.administrador
dic 05, 2022 7:39:13 PM org.hibernate.tool.hbm2ddl.TableMetadata &lt;init&gt;
INFO: HHH000037: Columns: [usuario_id, administrador_id]
dic 05, 2022 7:39:13 PM org.hibernate.tool.hbm2ddl.TableMetadata &lt;init&gt;
INFO: HHH000108: Foreign keys: [fk_41f19w50uvnqar18j6gr9jepp]
dic 05, 2022 7:39:13 PM org.hibernate.tool.hbm2ddl.TableMetadata &lt;init&gt;
INFO: HHH000126: Indexes: [fk_41f19w50uvnqar18j6gr9jepp, primary]
dic 05, 2022 7:39:13 PM org.hibernate.tool.hbm2ddl.TableMetadata &lt;init&gt;
INFO: HHH000261: Table found: tpanualdds.agentesectorial
dic 05, 2022 7:39:13 PM org.hibernate.tool.hbm2ddl.TableMetadata &lt;init&gt;
INFO: HHH000037: Columns: [usuario_id, agente_id, nombreagente]
dic 05, 2022 7:39:13 PM org.hibernate.tool.hbm2ddl.TableMetadata &lt;init&gt;
INFO: HHH000108: Foreign keys: [fk_e918rqbw90hlast8fokse4hjo]
dic 05, 2022 7:39:13 PM org.hibernate.tool.hbm2ddl.TableMetadata &lt;init&gt;
INFO: HHH000126: Indexes: [fk_e918rqbw90hlast8fokse4hjo, primary]
dic 05, 2022 7:39:13 PM org.hibernate.tool.hbm2ddl.TableMetadata &lt;init&gt;
INFO: HHH000261: Table found: tpanualdds.clasificacion_org
dic 05, 2022 7:39:13 PM org.hibernate.tool.hbm2ddl.TableMetadata &lt;init&gt;
INFO: HHH000037: Columns: [id, nombre]
dic 05, 2022 7:39:13 PM org.hibernate.tool.hbm2ddl.TableMetadata &lt;init&gt;
INFO: HHH000108: Foreign keys: []
dic 05, 2022 7:39:13 PM org.hibernate.tool.hbm2ddl.TableMetadata &lt;init&gt;
INFO: HHH000126: Indexes: [primary]
dic 05, 2022 7:39:13 PM org.hibernate.tool.hbm2ddl.TableMetadata &lt;init&gt;
INFO: HHH000261: Table found: tpanualdds.consumo
dic 05, 2022 7:39:13 PM org.hibernate.tool.hbm2ddl.TableMetadata &lt;init&gt;
INFO: HHH000037: Columns: [organizacion_id, actividad_id, peso, categoria, distancia, valor, periodo_imputacion_id, tipo_consumo_id, medio, proxima_acreditacion, clase, consumo_id]
dic 05, 2022 7:39:13 PM org.hibernate.tool.hbm2ddl.TableMetadata &lt;init&gt;
INFO: HHH000108: Foreign keys: [fk_7vjahmkha0ye75mch0s4g4is9, fk_sukv7oy78omovm0ye38x0y745, fk_7aa57k5ckopxrl8tm2ogt5add, fk_e4v0294rk485nq4cs0tauujkp]
dic 05, 2022 7:39:13 PM org.hibernate.tool.hbm2ddl.TableMetadata &lt;init&gt;
INFO: HHH000126: Indexes: [fk_7vjahmkha0ye75mch0s4g4is9, fk_sukv7oy78omovm0ye38x0y745, fk_7aa57k5ckopxrl8tm2ogt5add, fk_e4v0294rk485nq4cs0tauujkp, primary]
dic 05, 2022 7:39:13 PM org.hibernate.tool.hbm2ddl.TableMetadata &lt;init&gt;
INFO: HHH000261: Table found: tpanualdds.factor_emision
dic 05, 2022 7:39:13 PM org.hibernate.tool.hbm2ddl.TableMetadata &lt;init&gt;
INFO: HHH000037: Columns: [valor_fe, id_factoremision]
dic 05, 2022 7:39:13 PM org.hibernate.tool.hbm2ddl.TableMetadata &lt;init&gt;
INFO: HHH000108: Foreign keys: []
dic 05, 2022 7:39:13 PM org.hibernate.tool.hbm2ddl.TableMetadata &lt;init&gt;
INFO: HHH000126: Indexes: [primary]
dic 05, 2022 7:39:13 PM org.hibernate.tool.hbm2ddl.TableMetadata &lt;init&gt;
INFO: HHH000261: Table found: tpanualdds.localidad
dic 05, 2022 7:39:13 PM org.hibernate.tool.hbm2ddl.TableMetadata &lt;init&gt;
INFO: HHH000037: Columns: [localidad_id, id, nombre, provincia_id]
dic 05, 2022 7:39:13 PM org.hibernate.tool.hbm2ddl.TableMetadata &lt;init&gt;
INFO: HHH000108: Foreign keys: [fk_rjvrwa23ibfysk8od3odc65eq, fk_la1rjf230fv07f9katt7w9cq7]
dic 05, 2022 7:39:13 PM org.hibernate.tool.hbm2ddl.TableMetadata &lt;init&gt;
INFO: HHH000126: Indexes: [fk_la1rjf230fv07f9katt7w9cq7, fk_rjvrwa23ibfysk8od3odc65eq, primary]
dic 05, 2022 7:39:13 PM org.hibernate.tool.hbm2ddl.TableMetadata &lt;init&gt;
INFO: HHH000261: Table found: tpanualdds.miembro
dic 05, 2022 7:39:13 PM org.hibernate.tool.hbm2ddl.TableMetadata &lt;init&gt;
INFO: HHH000037: Columns: [nrodoc, mail, usuario_id, link_recomendacion, miembro_id, apellido, tipodoc, id, nombre]
dic 05, 2022 7:39:13 PM org.hibernate.tool.hbm2ddl.TableMetadata &lt;init&gt;
INFO: HHH000108: Foreign keys: [fk_ip32ueu7dgympqfkqq5896jyq, fk_4eu6jy1k9geg2l7xrd9sv501m]
dic 05, 2022 7:39:13 PM org.hibernate.tool.hbm2ddl.TableMetadata &lt;init&gt;
INFO: HHH000126: Indexes: [fk_4eu6jy1k9geg2l7xrd9sv501m, fk_ip32ueu7dgympqfkqq5896jyq, primary]
dic 05, 2022 7:39:13 PM org.hibernate.tool.hbm2ddl.TableMetadata &lt;init&gt;
INFO: HHH000261: Table found: tpanualdds.miembro_sector
dic 05, 2022 7:39:13 PM org.hibernate.tool.hbm2ddl.TableMetadata &lt;init&gt;
INFO: HHH000037: Columns: [trabajos_id_sector, miembro_id]
dic 05, 2022 7:39:13 PM org.hibernate.tool.hbm2ddl.TableMetadata &lt;init&gt;
INFO: HHH000108: Foreign keys: [fk_adoya3m806blxhbetic4ot20n, fk_637ifdkhavxx4comy0cir1amf]
dic 05, 2022 7:39:13 PM org.hibernate.tool.hbm2ddl.TableMetadata &lt;init&gt;
INFO: HHH000126: Indexes: [fk_adoya3m806blxhbetic4ot20n, fk_637ifdkhavxx4comy0cir1amf]
dic 05, 2022 7:39:13 PM org.hibernate.tool.hbm2ddl.TableMetadata &lt;init&gt;
INFO: HHH000261: Table found: tpanualdds.organizacion
dic 05, 2022 7:39:13 PM org.hibernate.tool.hbm2ddl.TableMetadata &lt;init&gt;
INFO: HHH000037: Columns: [organizacion_id, ubicacion_id, usuario_id, id_organizacion, link_recomendacion, tipo_org, razon_social, clasificacion_org_id]
dic 05, 2022 7:39:13 PM org.hibernate.tool.hbm2ddl.TableMetadata &lt;init&gt;
INFO: HHH000108: Foreign keys: [fk_fh2xktfs005qss0228wtyq0ku, fk_sqwe38krb61t3wx67qkyiadqs, fk_59b21npnapoy98hdlhwl6jygq, fk_8nifis35v5b6o55l4y5pki122]
dic 05, 2022 7:39:13 PM org.hibernate.tool.hbm2ddl.TableMetadata &lt;init&gt;
INFO: HHH000126: Indexes: [fk_fh2xktfs005qss0228wtyq0ku, fk_sqwe38krb61t3wx67qkyiadqs, fk_59b21npnapoy98hdlhwl6jygq, fk_8nifis35v5b6o55l4y5pki122, primary]
dic 05, 2022 7:39:13 PM org.hibernate.tool.hbm2ddl.TableMetadata &lt;init&gt;
INFO: HHH000261: Table found: tpanualdds.parada
dic 05, 2022 7:39:13 PM org.hibernate.tool.hbm2ddl.TableMetadata &lt;init&gt;
INFO: HHH000037: Columns: [parada_ant_id, id_parada, distancia_parada_sig, localizacion_id, parada_sig_id, distancia_parada_ant]
dic 05, 2022 7:39:13 PM org.hibernate.tool.hbm2ddl.TableMetadata &lt;init&gt;
INFO: HHH000108: Foreign keys: [fk_pobd4mikmaac8gws231jaso63, fk_6hpno4awsqtewgdgxa7l8l712, fk_nhiswplifttthmh3ebd9tm1ur]
dic 05, 2022 7:39:13 PM org.hibernate.tool.hbm2ddl.TableMetadata &lt;init&gt;
INFO: HHH000126: Indexes: [fk_6hpno4awsqtewgdgxa7l8l712, fk_pobd4mikmaac8gws231jaso63, fk_nhiswplifttthmh3ebd9tm1ur, primary]
dic 05, 2022 7:39:13 PM org.hibernate.tool.hbm2ddl.TableMetadata &lt;init&gt;
INFO: HHH000261: Table found: tpanualdds.periododeimputacion
dic 05, 2022 7:39:13 PM org.hibernate.tool.hbm2ddl.TableMetadata &lt;init&gt;
INFO: HHH000037: Columns: [periodicidad, mes, id, anio]
dic 05, 2022 7:39:13 PM org.hibernate.tool.hbm2ddl.TableMetadata &lt;init&gt;
INFO: HHH000108: Foreign keys: []
dic 05, 2022 7:39:13 PM org.hibernate.tool.hbm2ddl.TableMetadata &lt;init&gt;
INFO: HHH000126: Indexes: [primary]
dic 05, 2022 7:39:13 PM org.hibernate.tool.hbm2ddl.TableMetadata &lt;init&gt;
INFO: HHH000261: Table found: tpanualdds.provincia
dic 05, 2022 7:39:13 PM org.hibernate.tool.hbm2ddl.TableMetadata &lt;init&gt;
INFO: HHH000037: Columns: [id, nombre]
dic 05, 2022 7:39:13 PM org.hibernate.tool.hbm2ddl.TableMetadata &lt;init&gt;
INFO: HHH000108: Foreign keys: []
dic 05, 2022 7:39:13 PM org.hibernate.tool.hbm2ddl.TableMetadata &lt;init&gt;
INFO: HHH000126: Indexes: [primary]
dic 05, 2022 7:39:13 PM org.hibernate.tool.hbm2ddl.TableMetadata &lt;init&gt;
INFO: HHH000261: Table found: tpanualdds.sector
dic 05, 2022 7:39:13 PM org.hibernate.tool.hbm2ddl.TableMetadata &lt;init&gt;
INFO: HHH000037: Columns: [id_sector, nombre, organizacion_id_organizacion]
dic 05, 2022 7:39:13 PM org.hibernate.tool.hbm2ddl.TableMetadata &lt;init&gt;
INFO: HHH000108: Foreign keys: [fk_79t1e0cdj4sq8w55yse7vr5so]
dic 05, 2022 7:39:13 PM org.hibernate.tool.hbm2ddl.TableMetadata &lt;init&gt;
INFO: HHH000126: Indexes: [fk_79t1e0cdj4sq8w55yse7vr5so, primary]
dic 05, 2022 7:39:13 PM org.hibernate.tool.hbm2ddl.TableMetadata &lt;init&gt;
INFO: HHH000261: Table found: tpanualdds.sectorterritorial
dic 05, 2022 7:39:13 PM org.hibernate.tool.hbm2ddl.TableMetadata &lt;init&gt;
INFO: HHH000037: Columns: [tiposector, agente_sectorial_id, link_recomendacion, id, nombre]
dic 05, 2022 7:39:13 PM org.hibernate.tool.hbm2ddl.TableMetadata &lt;init&gt;
INFO: HHH000108: Foreign keys: [fk_h6595l04lx7lf477knfmbmvk]
dic 05, 2022 7:39:13 PM org.hibernate.tool.hbm2ddl.TableMetadata &lt;init&gt;
INFO: HHH000126: Indexes: [fk_h6595l04lx7lf477knfmbmvk, primary]
dic 05, 2022 7:39:13 PM org.hibernate.tool.hbm2ddl.TableMetadata &lt;init&gt;
INFO: HHH000261: Table found: tpanualdds.sector_miembro
dic 05, 2022 7:39:13 PM org.hibernate.tool.hbm2ddl.TableMetadata &lt;init&gt;
INFO: HHH000037: Columns: [sector_id_sector, miembros_id]
dic 05, 2022 7:39:13 PM org.hibernate.tool.hbm2ddl.TableMetadata &lt;init&gt;
INFO: HHH000108: Foreign keys: [fk_6be8g1egf76in7u1ce2d169ut, fk_iy4q2gc11b681i84os8nwx24p]
dic 05, 2022 7:39:13 PM org.hibernate.tool.hbm2ddl.TableMetadata &lt;init&gt;
INFO: HHH000126: Indexes: [fk_6be8g1egf76in7u1ce2d169ut, fk_iy4q2gc11b681i84os8nwx24p]
dic 05, 2022 7:39:13 PM org.hibernate.tool.hbm2ddl.TableMetadata &lt;init&gt;
INFO: HHH000261: Table found: tpanualdds.solicitudvinculacion
dic 05, 2022 7:39:13 PM org.hibernate.tool.hbm2ddl.TableMetadata &lt;init&gt;
INFO: HHH000037: Columns: [descripcion, organizacion_id, solicitud_vinculacion_id, sector_id, id_solicitud, miembro_id, estado_solicitud]
dic 05, 2022 7:39:13 PM org.hibernate.tool.hbm2ddl.TableMetadata &lt;init&gt;
INFO: HHH000108: Foreign keys: [fk_p47xn2abgvk4p32putcofwi9q, fk_l0spo1ilqm0c9nsbhfnb8v5ec, fk_6opackcyoogl0oykq3upkvdu4, fk_sldvhsk682bkwey2siwke2pny]
dic 05, 2022 7:39:13 PM org.hibernate.tool.hbm2ddl.TableMetadata &lt;init&gt;
INFO: HHH000126: Indexes: [fk_p47xn2abgvk4p32putcofwi9q, fk_l0spo1ilqm0c9nsbhfnb8v5ec, fk_6opackcyoogl0oykq3upkvdu4, fk_sldvhsk682bkwey2siwke2pny, primary]
dic 05, 2022 7:39:13 PM org.hibernate.tool.hbm2ddl.TableMetadata &lt;init&gt;
INFO: HHH000261: Table found: tpanualdds.tipoconsumo
dic 05, 2022 7:39:13 PM org.hibernate.tool.hbm2ddl.TableMetadata &lt;init&gt;
INFO: HHH000037: Columns: [unidad, factor_emision, id, nombre]
dic 05, 2022 7:39:13 PM org.hibernate.tool.hbm2ddl.TableMetadata &lt;init&gt;
INFO: HHH000108: Foreign keys: []
dic 05, 2022 7:39:13 PM org.hibernate.tool.hbm2ddl.TableMetadata &lt;init&gt;
INFO: HHH000126: Indexes: [primary]
dic 05, 2022 7:39:13 PM org.hibernate.tool.hbm2ddl.TableMetadata &lt;init&gt;
INFO: HHH000261: Table found: tpanualdds.tramo
dic 05, 2022 7:39:13 PM org.hibernate.tool.hbm2ddl.TableMetadata &lt;init&gt;
INFO: HHH000037: Columns: [ubicacioninicio_id, ubicacionfin_id, transporte_id, id_tramo]
dic 05, 2022 7:39:13 PM org.hibernate.tool.hbm2ddl.TableMetadata &lt;init&gt;
INFO: HHH000108: Foreign keys: [fk_b8yyys9unmt6qsq8b5tgjtyr7, fk_grhkhdswg0n1qcx9e8hrlw0oe, fk_ja3xx8e6k7t8wfpp38qb40uh8]
dic 05, 2022 7:39:13 PM org.hibernate.tool.hbm2ddl.TableMetadata &lt;init&gt;
INFO: HHH000126: Indexes: [fk_b8yyys9unmt6qsq8b5tgjtyr7, fk_grhkhdswg0n1qcx9e8hrlw0oe, fk_ja3xx8e6k7t8wfpp38qb40uh8, primary]
dic 05, 2022 7:39:13 PM org.hibernate.tool.hbm2ddl.TableMetadata &lt;init&gt;
INFO: HHH000261: Table found: tpanualdds.tramo_miembro
dic 05, 2022 7:39:13 PM org.hibernate.tool.hbm2ddl.TableMetadata &lt;init&gt;
INFO: HHH000037: Columns: [miembros_id, tramo_id_tramo]
dic 05, 2022 7:39:13 PM org.hibernate.tool.hbm2ddl.TableMetadata &lt;init&gt;
INFO: HHH000108: Foreign keys: [fk_8i248k9qfiyu3ma3bt35vd016, fk_9k3l72hlylkjjf72e2txxk5ru]
dic 05, 2022 7:39:13 PM org.hibernate.tool.hbm2ddl.TableMetadata &lt;init&gt;
INFO: HHH000126: Indexes: [fk_8i248k9qfiyu3ma3bt35vd016, fk_9k3l72hlylkjjf72e2txxk5ru]
dic 05, 2022 7:39:13 PM org.hibernate.tool.hbm2ddl.TableMetadata &lt;init&gt;
INFO: HHH000261: Table found: tpanualdds.transporte
dic 05, 2022 7:39:13 PM org.hibernate.tool.hbm2ddl.TableMetadata &lt;init&gt;
INFO: HHH000037: Columns: [tipo, servicio, tipo_vehiculo, transporte, nombre, linea, tipo_transporte, paradafinal_id, fe_id, tipo_combustible, id, paradainicio_id, fe]
dic 05, 2022 7:39:13 PM org.hibernate.tool.hbm2ddl.TableMetadata &lt;init&gt;
INFO: HHH000108: Foreign keys: [fk_5hlkk7ewtquv9vn0sjdtc7viv, fk_4r0kj591sl3gswef7w6h9ofsy, fk_fnotrp5hfd4omg7opcg4fuv4c]
dic 05, 2022 7:39:13 PM org.hibernate.tool.hbm2ddl.TableMetadata &lt;init&gt;
INFO: HHH000126: Indexes: [fk_5hlkk7ewtquv9vn0sjdtc7viv, fk_4r0kj591sl3gswef7w6h9ofsy, fk_fnotrp5hfd4omg7opcg4fuv4c, primary]
dic 05, 2022 7:39:13 PM org.hibernate.tool.hbm2ddl.TableMetadata &lt;init&gt;
INFO: HHH000261: Table found: tpanualdds.transporte_parada
dic 05, 2022 7:39:13 PM org.hibernate.tool.hbm2ddl.TableMetadata &lt;init&gt;
INFO: HHH000037: Columns: [paradas_id_parada, transporte_id]
dic 05, 2022 7:39:13 PM org.hibernate.tool.hbm2ddl.TableMetadata &lt;init&gt;
INFO: HHH000108: Foreign keys: [fk_40c5l0v7c6b7xf7oj8mi1wdl5, fk_f6h59bkndbl869m5g3khsdu11]
dic 05, 2022 7:39:13 PM org.hibernate.tool.hbm2ddl.TableMetadata &lt;init&gt;
INFO: HHH000126: Indexes: [fk_40c5l0v7c6b7xf7oj8mi1wdl5, fk_f6h59bkndbl869m5g3khsdu11]
dic 05, 2022 7:39:13 PM org.hibernate.tool.hbm2ddl.TableMetadata &lt;init&gt;
INFO: HHH000261: Table found: cuidandonos.trayecto
dic 05, 2022 7:39:13 PM org.hibernate.tool.hbm2ddl.TableMetadata &lt;init&gt;
INFO: HHH000037: Columns: [id_persona, id_trayecto, distancia, id_ubicaciondestino, id_configuraciondereaccion, id_ubicacioninicio]
dic 05, 2022 7:39:13 PM org.hibernate.tool.hbm2ddl.TableMetadata &lt;init&gt;
INFO: HHH000108: Foreign keys: [fk_3rkh40w836gpjh1y50ov1ohcw, fk_n02eiw7leu3xwwptarlwwido5, fk_sym0g29whlp573yw5wicrqh78, fk_jab3dboqf9uls03mv7b5unkq1]
dic 05, 2022 7:39:13 PM org.hibernate.tool.hbm2ddl.TableMetadata &lt;init&gt;
INFO: HHH000126: Indexes: [fk_3rkh40w836gpjh1y50ov1ohcw, fk_n02eiw7leu3xwwptarlwwido5, fk_sym0g29whlp573yw5wicrqh78, fk_jab3dboqf9uls03mv7b5unkq1, primary]
dic 05, 2022 7:39:13 PM org.hibernate.tool.hbm2ddl.TableMetadata &lt;init&gt;
INFO: HHH000261: Table found: tpanualdds.trayecto_tramo
dic 05, 2022 7:39:13 PM org.hibernate.tool.hbm2ddl.TableMetadata &lt;init&gt;
INFO: HHH000037: Columns: [trayecto_id_trayecto, tramos_id_tramo]
dic 05, 2022 7:39:13 PM org.hibernate.tool.hbm2ddl.TableMetadata &lt;init&gt;
INFO: HHH000108: Foreign keys: [fk_45p8wefuwjv9j119f7vr70k9j, fk_k0ic92ehehs21xa47pqck09qg]
dic 05, 2022 7:39:13 PM org.hibernate.tool.hbm2ddl.TableMetadata &lt;init&gt;
INFO: HHH000126: Indexes: [fk_45p8wefuwjv9j119f7vr70k9j, fk_k0ic92ehehs21xa47pqck09qg]
dic 05, 2022 7:39:13 PM org.hibernate.tool.hbm2ddl.TableMetadata &lt;init&gt;
INFO: HHH000261: Table found: cuidandonos.ubicacion
dic 05, 2022 7:39:13 PM org.hibernate.tool.hbm2ddl.TableMetadata &lt;init&gt;
INFO: HHH000037: Columns: [barrio, altura, calle, id_ubicacion, localidad, provincia]
dic 05, 2022 7:39:13 PM org.hibernate.tool.hbm2ddl.TableMetadata &lt;init&gt;
INFO: HHH000108: Foreign keys: []
dic 05, 2022 7:39:13 PM org.hibernate.tool.hbm2ddl.TableMetadata &lt;init&gt;
INFO: HHH000126: Indexes: [primary]
dic 05, 2022 7:39:13 PM org.hibernate.tool.hbm2ddl.TableMetadata &lt;init&gt;
INFO: HHH000261: Table found: tpanualdds.usuario
dic 05, 2022 7:39:13 PM org.hibernate.tool.hbm2ddl.TableMetadata &lt;init&gt;
INFO: HHH000037: Columns: [usuario_id, mail, contrasenia, telefono, nombre, tipo_usuario]
dic 05, 2022 7:39:13 PM org.hibernate.tool.hbm2ddl.TableMetadata &lt;init&gt;
INFO: HHH000108: Foreign keys: []
dic 05, 2022 7:39:13 PM org.hibernate.tool.hbm2ddl.TableMetadata &lt;init&gt;
INFO: HHH000126: Indexes: [primary]
dic 05, 2022 7:39:13 PM org.hibernate.tool.hbm2ddl.SchemaUpdate execute
ERROR: HHH000388: Unsuccessful: alter table trayecto add column descripcion varchar(255)
dic 05, 2022 7:39:13 PM org.hibernate.tool.hbm2ddl.SchemaUpdate execute
ERROR: Duplicate column name &apos;descripcion&apos;
dic 05, 2022 7:39:13 PM org.hibernate.tool.hbm2ddl.SchemaUpdate execute
ERROR: HHH000388: Unsuccessful: alter table trayecto add column estado bit
dic 05, 2022 7:39:13 PM org.hibernate.tool.hbm2ddl.SchemaUpdate execute
ERROR: Duplicate column name &apos;estado&apos;
dic 05, 2022 7:39:13 PM org.hibernate.tool.hbm2ddl.SchemaUpdate execute
ERROR: HHH000388: Unsuccessful: alter table trayecto add column fecha date
dic 05, 2022 7:39:13 PM org.hibernate.tool.hbm2ddl.SchemaUpdate execute
ERROR: Duplicate column name &apos;fecha&apos;
dic 05, 2022 7:39:13 PM org.hibernate.tool.hbm2ddl.SchemaUpdate execute
ERROR: HHH000388: Unsuccessful: alter table trayecto add column nombre varchar(255)
dic 05, 2022 7:39:13 PM org.hibernate.tool.hbm2ddl.SchemaUpdate execute
ERROR: Duplicate column name &apos;nombre&apos;
dic 05, 2022 7:39:13 PM org.hibernate.tool.hbm2ddl.SchemaUpdate execute
ERROR: HHH000388: Unsuccessful: alter table trayecto add column miembro_id bigint
dic 05, 2022 7:39:13 PM org.hibernate.tool.hbm2ddl.SchemaUpdate execute
ERROR: Duplicate column name &apos;miembro_id&apos;
dic 05, 2022 7:39:13 PM org.hibernate.tool.hbm2ddl.SchemaUpdate execute
ERROR: HHH000388: Unsuccessful: alter table trayecto add column periodo_imputacion_id bigint
dic 05, 2022 7:39:13 PM org.hibernate.tool.hbm2ddl.SchemaUpdate execute
ERROR: Duplicate column name &apos;periodo_imputacion_id&apos;
dic 05, 2022 7:39:13 PM org.hibernate.tool.hbm2ddl.SchemaUpdate execute
ERROR: HHH000388: Unsuccessful: alter table trayecto add column trayecto_id bigint
dic 05, 2022 7:39:13 PM org.hibernate.tool.hbm2ddl.SchemaUpdate execute
ERROR: Duplicate column name &apos;trayecto_id&apos;
dic 05, 2022 7:39:13 PM org.hibernate.tool.hbm2ddl.SchemaUpdate execute
ERROR: HHH000388: Unsuccessful: alter table ubicacion add column provincia_id integer
dic 05, 2022 7:39:13 PM org.hibernate.tool.hbm2ddl.SchemaUpdate execute
ERROR: Duplicate column name &apos;provincia_id&apos;
dic 05, 2022 7:39:13 PM org.hibernate.tool.hbm2ddl.SchemaUpdate execute
ERROR: HHH000388: Unsuccessful: alter table trayecto add constraint FK_f5ep4olktwui3j1ca7te98snr foreign key (miembro_id) references miembro (id)
dic 05, 2022 7:39:13 PM org.hibernate.tool.hbm2ddl.SchemaUpdate execute
ERROR: Duplicate foreign key constraint name &apos;FK_f5ep4olktwui3j1ca7te98snr&apos;
dic 05, 2022 7:39:13 PM org.hibernate.tool.hbm2ddl.SchemaUpdate execute
ERROR: HHH000388: Unsuccessful: alter table trayecto add constraint FK_8vlc6ltkhdncvq2gflwmur5d7 foreign key (periodo_imputacion_id) references periodoDeImputacion (id)
dic 05, 2022 7:39:13 PM org.hibernate.tool.hbm2ddl.SchemaUpdate execute
ERROR: Duplicate foreign key constraint name &apos;FK_8vlc6ltkhdncvq2gflwmur5d7&apos;
dic 05, 2022 7:39:13 PM org.hibernate.tool.hbm2ddl.SchemaUpdate execute
ERROR: HHH000388: Unsuccessful: alter table trayecto add constraint FK_4j19d9blam674wvug0y5mdron foreign key (trayecto_id) references miembro (id)
dic 05, 2022 7:39:13 PM org.hibernate.tool.hbm2ddl.SchemaUpdate execute
ERROR: Duplicate foreign key constraint name &apos;FK_4j19d9blam674wvug0y5mdron&apos;
dic 05, 2022 7:39:13 PM org.hibernate.tool.hbm2ddl.SchemaUpdate execute
ERROR: HHH000388: Unsuccessful: alter table ubicacion add constraint FK_4ldypb11lo55k9flud6a6m1pt foreign key (localidad) references localidad (id)
dic 05, 2022 7:39:13 PM org.hibernate.tool.hbm2ddl.SchemaUpdate execute
ERROR: Key column &apos;localidad&apos; doesn&apos;t exist in table
dic 05, 2022 7:39:13 PM org.hibernate.tool.hbm2ddl.SchemaUpdate execute
ERROR: HHH000388: Unsuccessful: alter table ubicacion add constraint FK_9n3rlntpavmy7q6oiwyid5uy6 foreign key (provincia_id) references provincia (id)
dic 05, 2022 7:39:13 PM org.hibernate.tool.hbm2ddl.SchemaUpdate execute
ERROR: Duplicate foreign key constraint name &apos;FK_9n3rlntpavmy7q6oiwyid5uy6&apos;
dic 05, 2022 7:39:13 PM org.hibernate.tool.hbm2ddl.SchemaUpdate execute
INFO: HHH000232: Schema update complete
dic 05, 2022 7:39:14 PM org.hibernate.engine.jdbc.spi.SqlExceptionHelper logExceptions
WARN: SQL Error: 1062, SQLState: 23000
dic 05, 2022 7:39:14 PM org.hibernate.engine.jdbc.spi.SqlExceptionHelper logExceptions
ERROR: Duplicate entry &apos;168&apos; for key &apos;provincia.PRIMARY&apos;
dic 05, 2022 7:39:14 PM org.hibernate.engine.jdbc.batch.internal.AbstractBatchImpl release
INFO: HHH000010: On release of batch it still contained JDBC statements
</system-err>
  </testcase>
  <testcase classname="dbtest.LocalidadesTest" name="testDeLocalidades" time="0.01">
    <error message="Error while committing the transaction" type="javax.persistence.RollbackException">javax.persistence.RollbackException: Error while committing the transaction
	at org.hibernate.jpa.internal.TransactionImpl.commit(TransactionImpl.java:94)
	at domain.services.dbManager.EntityManagerHelper.commit(EntityManagerHelper.java:53)
	at domain.models.entities.sectorTerritorial.LocalidadesJson.persistirLocalidades(LocalidadesJson.java:47)
	at dbtest.LocalidadesTest.testDeLocalidades(LocalidadesTest.java:15)
	at sun.reflect.NativeMethodAccessorImpl.invoke0(Native Method)
	at sun.reflect.NativeMethodAccessorImpl.invoke(NativeMethodAccessorImpl.java:62)
	at sun.reflect.DelegatingMethodAccessorImpl.invoke(DelegatingMethodAccessorImpl.java:43)
	at java.lang.reflect.Method.invoke(Method.java:498)
	at org.junit.runners.model.FrameworkMethod$1.runReflectiveCall(FrameworkMethod.java:59)
	at org.junit.internal.runners.model.ReflectiveCallable.run(ReflectiveCallable.java:12)
	at org.junit.runners.model.FrameworkMethod.invokeExplosively(FrameworkMethod.java:56)
	at org.junit.internal.runners.statements.InvokeMethod.evaluate(InvokeMethod.java:17)
	at org.junit.runners.ParentRunner$3.evaluate(ParentRunner.java:306)
	at org.junit.runners.BlockJUnit4ClassRunner$1.evaluate(BlockJUnit4ClassRunner.java:100)
	at org.junit.runners.ParentRunner.runLeaf(ParentRunner.java:366)
	at org.junit.runners.BlockJUnit4ClassRunner.runChild(BlockJUnit4ClassRunner.java:103)
	at org.junit.runners.BlockJUnit4ClassRunner.runChild(BlockJUnit4ClassRunner.java:63)
	at org.junit.runners.ParentRunner$4.run(ParentRunner.java:331)
	at org.junit.runners.ParentRunner$1.schedule(ParentRunner.java:79)
	at org.junit.runners.ParentRunner.runChildren(ParentRunner.java:329)
	at org.junit.runners.ParentRunner.access$100(ParentRunner.java:66)
	at org.junit.runners.ParentRunner$2.evaluate(ParentRunner.java:293)
	at org.junit.runners.ParentRunner$3.evaluate(ParentRunner.java:306)
	at org.junit.runners.ParentRunner.run(ParentRunner.java:413)
	at org.apache.maven.surefire.junit4.JUnit4Provider.execute(JUnit4Provider.java:252)
	at org.apache.maven.surefire.junit4.JUnit4Provider.executeTestSet(JUnit4Provider.java:141)
	at org.apache.maven.surefire.junit4.JUnit4Provider.invoke(JUnit4Provider.java:112)
	at sun.reflect.NativeMethodAccessorImpl.invoke0(Native Method)
	at sun.reflect.NativeMethodAccessorImpl.invoke(NativeMethodAccessorImpl.java:62)
	at sun.reflect.DelegatingMethodAccessorImpl.invoke(DelegatingMethodAccessorImpl.java:43)
	at java.lang.reflect.Method.invoke(Method.java:498)
	at org.apache.maven.surefire.util.ReflectionUtils.invokeMethodWithArray(ReflectionUtils.java:189)
	at org.apache.maven.surefire.booter.ProviderFactory$ProviderProxy.invoke(ProviderFactory.java:165)
	at org.apache.maven.surefire.booter.ProviderFactory.invokeProvider(ProviderFactory.java:85)
	at org.apache.maven.surefire.booter.ForkedBooter.runSuitesInProcess(ForkedBooter.java:115)
	at org.apache.maven.surefire.booter.ForkedBooter.main(ForkedBooter.java:75)
Caused by: javax.persistence.PersistenceException: org.hibernate.exception.ConstraintViolationException: could not execute statement
	at org.hibernate.jpa.spi.AbstractEntityManagerImpl.convert(AbstractEntityManagerImpl.java:1763)
	at org.hibernate.jpa.spi.AbstractEntityManagerImpl.convert(AbstractEntityManagerImpl.java:1677)
	at org.hibernate.jpa.internal.TransactionImpl.commit(TransactionImpl.java:82)
	... 35 more
Caused by: org.hibernate.exception.ConstraintViolationException: could not execute statement
	at org.hibernate.exception.internal.SQLExceptionTypeDelegate.convert(SQLExceptionTypeDelegate.java:72)
	at org.hibernate.exception.internal.StandardSQLExceptionConverter.convert(StandardSQLExceptionConverter.java:49)
	at org.hibernate.engine.jdbc.spi.SqlExceptionHelper.convert(SqlExceptionHelper.java:126)
	at org.hibernate.engine.jdbc.spi.SqlExceptionHelper.convert(SqlExceptionHelper.java:112)
	at org.hibernate.engine.jdbc.internal.ResultSetReturnImpl.executeUpdate(ResultSetReturnImpl.java:211)
	at org.hibernate.engine.jdbc.batch.internal.NonBatchingBatch.addToBatch(NonBatchingBatch.java:62)
	at org.hibernate.persister.entity.AbstractEntityPersister.insert(AbstractEntityPersister.java:3124)
	at org.hibernate.persister.entity.AbstractEntityPersister.insert(AbstractEntityPersister.java:3581)
	at org.hibernate.action.internal.EntityInsertAction.execute(EntityInsertAction.java:104)
	at org.hibernate.engine.spi.ActionQueue.executeActions(ActionQueue.java:463)
	at org.hibernate.engine.spi.ActionQueue.executeActions(ActionQueue.java:349)
	at org.hibernate.event.internal.AbstractFlushingEventListener.performExecutions(AbstractFlushingEventListener.java:350)
	at org.hibernate.event.internal.DefaultFlushEventListener.onFlush(DefaultFlushEventListener.java:56)
	at org.hibernate.internal.SessionImpl.flush(SessionImpl.java:1222)
	at org.hibernate.internal.SessionImpl.managedFlush(SessionImpl.java:425)
	at org.hibernate.engine.transaction.internal.jdbc.JdbcTransaction.beforeTransactionCommit(JdbcTransaction.java:101)
	at org.hibernate.engine.transaction.spi.AbstractTransactionImpl.commit(AbstractTransactionImpl.java:177)
	at org.hibernate.jpa.internal.TransactionImpl.commit(TransactionImpl.java:77)
	... 35 more
Caused by: java.sql.SQLIntegrityConstraintViolationException: Duplicate entry &apos;168&apos; for key &apos;provincia.PRIMARY&apos;
	at com.mysql.cj.jdbc.exceptions.SQLError.createSQLException(SQLError.java:117)
	at com.mysql.cj.jdbc.exceptions.SQLExceptionsMapping.translateException(SQLExceptionsMapping.java:122)
	at com.mysql.cj.jdbc.ClientPreparedStatement.executeInternal(ClientPreparedStatement.java:916)
	at com.mysql.cj.jdbc.ClientPreparedStatement.executeUpdateInternal(ClientPreparedStatement.java:1061)
	at com.mysql.cj.jdbc.ClientPreparedStatement.executeUpdateInternal(ClientPreparedStatement.java:1009)
	at com.mysql.cj.jdbc.ClientPreparedStatement.executeLargeUpdate(ClientPreparedStatement.java:1320)
	at com.mysql.cj.jdbc.ClientPreparedStatement.executeUpdate(ClientPreparedStatement.java:994)
	at org.hibernate.engine.jdbc.internal.ResultSetReturnImpl.executeUpdate(ResultSetReturnImpl.java:208)
	... 48 more
</error>
    <system-out>Hibernate: 
    insert 
    into
        provincia
        (nombre, id) 
    values
        (?, ?)
</system-out>
    <system-err>dic 05, 2022 7:39:14 PM org.hibernate.engine.jdbc.spi.SqlExceptionHelper logExceptions
WARN: SQL Error: 1062, SQLState: 23000
dic 05, 2022 7:39:14 PM org.hibernate.engine.jdbc.spi.SqlExceptionHelper logExceptions
ERROR: Duplicate entry &apos;168&apos; for key &apos;provincia.PRIMARY&apos;
dic 05, 2022 7:39:14 PM org.hibernate.engine.jdbc.batch.internal.AbstractBatchImpl release
INFO: HHH000010: On release of batch it still contained JDBC statements
</system-err>
  </testcase>
</testsuite>